0 info it worked if it ends with ok
1 verbose cli [ '/usr/bin/node', '/usr/bin/npm', 'run', 'populate' ]
2 info using npm@3.10.10
3 info using node@v6.11.4
4 verbose run-script [ 'prepopulate', 'populate', 'postpopulate' ]
5 info lifecycle hr@1.0.0~prepopulate: hr@1.0.0
6 silly lifecycle hr@1.0.0~prepopulate: no script for prepopulate, continuing
7 info lifecycle hr@1.0.0~populate: hr@1.0.0
8 verbose lifecycle hr@1.0.0~populate: unsafe-perm in lifecycle true
9 verbose lifecycle hr@1.0.0~populate: PATH: /usr/lib/node_modules/npm/bin/node-gyp-bin:/var/www/html/mean/node_modules/.bin:/home/ryan/bin:/home/ryan/.local/bin:/usr/local/sbin:/usr/local/bin:/usr/sbin:/usr/bin:/sbin:/bin:/usr/games:/usr/local/games:/snap/bin
10 verbose lifecycle hr@1.0.0~populate: CWD: /var/www/html/mean
11 silly lifecycle hr@1.0.0~populate: Args: [ '-c', 'node ./bin/populate_db' ]
12 silly lifecycle hr@1.0.0~populate: Returned: code: 1  signal: null
13 info lifecycle hr@1.0.0~populate: Failed to exec populate script
14 verbose stack Error: hr@1.0.0 populate: `node ./bin/populate_db`
14 verbose stack Exit status 1
14 verbose stack     at EventEmitter.<anonymous> (/usr/lib/node_modules/npm/lib/utils/lifecycle.js:255:16)
14 verbose stack     at emitTwo (events.js:106:13)
14 verbose stack     at EventEmitter.emit (events.js:191:7)
14 verbose stack     at ChildProcess.<anonymous> (/usr/lib/node_modules/npm/lib/utils/spawn.js:40:14)
14 verbose stack     at emitTwo (events.js:106:13)
14 verbose stack     at ChildProcess.emit (events.js:191:7)
14 verbose stack     at maybeClose (internal/child_process.js:920:16)
14 verbose stack     at Process.ChildProcess._handle.onexit (internal/child_process.js:230:5)
15 verbose pkgid hr@1.0.0
16 verbose cwd /var/www/html/mean
17 error Linux 4.4.0-97-generic
18 error argv "/usr/bin/node" "/usr/bin/npm" "run" "populate"
19 error node v6.11.4
20 error npm  v3.10.10
21 error code ELIFECYCLE
22 error hr@1.0.0 populate: `node ./bin/populate_db`
22 error Exit status 1
23 error Failed at the hr@1.0.0 populate script 'node ./bin/populate_db'.
23 error Make sure you have the latest version of node.js and npm installed.
23 error If you do, this is most likely a problem with the hr package,
23 error not with npm itself.
23 error Tell the author that this fails on your system:
23 error     node ./bin/populate_db
23 error You can get information on how to open an issue for this project with:
23 error     npm bugs hr
23 error Or if that isn't available, you can get their info via:
23 error     npm owner ls hr
23 error There is likely additional logging output above.
24 verbose exit [ 1, true ]
